#
# There is insufficient memory for the Java Runtime Environment to continue.
# Native memory allocation (malloc) failed to allocate 524288 bytes for AllocateHeap
# Possible reasons:
#   The system is out of physical RAM or swap space
#   The process is running with CompressedOops enabled, and the Java Heap may be blocking the growth of the native heap
# Possible solutions:
#   Reduce memory load on the system
#   Increase physical memory or swap space
#   Check if swap backing store is full
#   Decrease Java heap size (-Xmx/-Xms)
#   Decrease number of Java threads
#   Decrease Java thread stack sizes (-Xss)
#   Set larger code cache with -XX:ReservedCodeCacheSize=
#   JVM is running with Zero Based Compressed Oops mode in which the Java heap is
#     placed in the first 32GB address space. The Java Heap base address is the
#     maximum limit for the native heap growth. Please use -XX:HeapBaseMinAddress
#     to set the Java Heap base and to place the Java Heap above 32GB virtual address.
# This output file may be truncated or incomplete.
#
#  Out of Memory Error (./open/src/hotspot/share/memory/allocation.cpp:44), pid=2676, tid=21276
#
# JRE version:  (14.0.1+7) (build )
# Java VM: Java HotSpot(TM) 64-Bit Server VM (14.0.1+7, mixed mode, sharing, tiered, compressed oops, g1 gc, windows-amd64)
# No core dump will be written. Minidumps are not enabled by default on client versions of Windows
#

---------------  S U M M A R Y ------------

Command Line: -Dfile.encoding=UTF-8 Test

Host: Intel(R) Core(TM) i7-3770 CPU @ 3.40GHz, 8 cores, 15G,  Windows 10 , 64 bit Build 17763 (10.0.17763.475)
Time: Wed Jul  1 20:12:34 2020 Hora est. Pacífico, Sudamérica elapsed time: 0 seconds (0d 0h 0m 0s)

---------------  T H R E A D  ---------------

Current thread (0x0000023537ff1800):  JavaThread "Unknown thread" [_thread_in_vm, id=21276, stack(0x00000038de200000,0x00000038de300000)]

Stack: [0x00000038de200000,0x00000038de300000]
Native frames: (J=compiled Java code, j=interpreted, Vv=VM code, C=native code)
V  [jvm.dll+0x5f840a]
V  [jvm.dll+0x741e4a]
V  [jvm.dll+0x7435ff]
V  [jvm.dll+0x743c43]
V  [jvm.dll+0x20d288]
V  [jvm.dll+0xa2b2f]
V  [jvm.dll+0x685042]
V  [jvm.dll+0x684fce]
V  [jvm.dll+0x68561c]
V  [jvm.dll+0x71f88a]
V  [jvm.dll+0x321c44]
V  [jvm.dll+0x700b0c]
V  [jvm.dll+0x392dff]
V  [jvm.dll+0x394e71]
C  [jli.dll+0x523b]
C  [ucrtbase.dll+0x21ffa]
C  [KERNEL32.DLL+0x17974]
C  [ntdll.dll+0x6a271]


---------------  P R O C E S S  ---------------

Threads class SMR info:
_java_thread_list=0x00007ffc761d3078, length=0, elements={
}

Java Threads: ( => current thread )

Other Threads:
  0x0000023538058800 GCTaskThread "GC Thread#0" [stack: 0x00000038de300000,0x00000038de400000] [id=18792]
  0x000002353807b800 ConcurrentGCThread "G1 Main Marker" [stack: 0x00000038de400000,0x00000038de500000] [id=15500]
  0x000002353807d000 ConcurrentGCThread "G1 Conc#0" [stack: 0x00000038de500000,0x00000038de600000] [id=8732]
  0x000002355bc6c000 ConcurrentGCThread "G1 Refine#0" [stack: 0x00000038de600000,0x00000038de700000] [id=17588]
  0x000002355bc6d000 ConcurrentGCThread "G1 Young RemSet Sampling" [stack: 0x00000038de700000,0x00000038de800000] [id=6904]

=>0x0000023537ff1800 (exited) JavaThread "Unknown thread" [_thread_in_vm, id=21276, stack(0x00000038de200000,0x00000038de300000)]

Threads with active compile tasks:

VM state:not at safepoint (not fully initialized)

VM Mutex/Monitor currently owned by a thread: None

Heap address: 0x0000000701e00000, size: 4066 MB, Compressed Oops mode: Zero based, Oop shift amount: 3
Narrow klass base: 0x0000000800000000, Narrow klass shift: 3
Compressed class space size: 1073741824 Address: 0x0000000800b30000

GC Heap History (0 events):
No events

Deoptimization events (0 events):
No events

Classes unloaded (0 events):
No events

Classes redefined (0 events):
No events

Internal exceptions (0 events):
No events

Events (2 events):
Event: 0.007 Loaded shared library C:\Program Files\Java\jdk-14.0.1\bin\java.dll
Event: 0.007 Loaded shared library C:\Program Files\Java\jdk-14.0.1\bin\zip.dll


Dynamic libraries:
0x00007ff68fa50000 - 0x00007ff68fa5f000 	C:\Program Files\Java\jdk-14.0.1\bin\java.exe
0x00007ffcba160000 - 0x00007ffcba34d000 	C:\WINDOWS\SYSTEM32\ntdll.dll
0x00007ffcb8590000 - 0x00007ffcb8643000 	C:\WINDOWS\System32\KERNEL32.DLL
0x00007ffcb66a0000 - 0x00007ffcb6933000 	C:\WINDOWS\System32\KERNELBASE.dll
0x00007ffcb65a0000 - 0x00007ffcb669a000 	C:\WINDOWS\System32\ucrtbase.dll
0x00007ffcb0c90000 - 0x00007ffcb0ca5000 	C:\Program Files\Java\jdk-14.0.1\bin\VCRUNTIME140.dll
0x00007ffcafa50000 - 0x00007ffcafa68000 	C:\Program Files\Java\jdk-14.0.1\bin\jli.dll
0x00007ffcb8040000 - 0x00007ffcb80e3000 	C:\WINDOWS\System32\ADVAPI32.dll
0x00007ffcb8750000 - 0x00007ffcb87ee000 	C:\WINDOWS\System32\msvcrt.dll
0x00007ffcb9cf0000 - 0x00007ffcb9d8e000 	C:\WINDOWS\System32\sechost.dll
0x00007ffcb81b0000 - 0x00007ffcb82d2000 	C:\WINDOWS\System32\RPCRT4.dll
0x00007ffcb7430000 - 0x00007ffcb75c7000 	C:\WINDOWS\System32\USER32.dll
0x00007ffcb6940000 - 0x00007ffcb6960000 	C:\WINDOWS\System32\win32u.dll
0x00007ffca4d50000 - 0x00007ffca4fc9000 	C:\WINDOWS\WinSxS\amd64_microsoft.windows.common-controls_6595b64144ccf1df_6.0.17763.973_none_05b245900721eb81\COMCTL32.dll
0x00007ffcb80f0000 - 0x00007ffcb8119000 	C:\WINDOWS\System32\GDI32.dll
0x00007ffcb9d90000 - 0x00007ffcba0bc000 	C:\WINDOWS\System32\combase.dll
0x00007ffcb6280000 - 0x00007ffcb6419000 	C:\WINDOWS\System32\gdi32full.dll
0x00007ffcb6960000 - 0x00007ffcb6a00000 	C:\WINDOWS\System32\msvcp_win.dll
0x00007ffcb6520000 - 0x00007ffcb659e000 	C:\WINDOWS\System32\bcryptPrimitives.dll
0x00007ffcab1b0000 - 0x00007ffcab1ba000 	C:\WINDOWS\SYSTEM32\VERSION.dll
0x00007ffcb8720000 - 0x00007ffcb874e000 	C:\WINDOWS\System32\IMM32.DLL
0x00007ffcabad0000 - 0x00007ffcabb6b000 	C:\Program Files\Java\jdk-14.0.1\bin\msvcp140.dll
0x00007ffc75750000 - 0x00007ffc7626e000 	C:\Program Files\Java\jdk-14.0.1\bin\server\jvm.dll
0x00007ffcb8560000 - 0x00007ffcb8568000 	C:\WINDOWS\System32\PSAPI.DLL
0x00007ffca5c00000 - 0x00007ffca5c09000 	C:\WINDOWS\SYSTEM32\WSOCK32.dll
0x00007ffcb4120000 - 0x00007ffcb4144000 	C:\WINDOWS\SYSTEM32\WINMM.dll
0x00007ffcb86b0000 - 0x00007ffcb871d000 	C:\WINDOWS\System32\WS2_32.dll
0x00007ffcb3f90000 - 0x00007ffcb3fbd000 	C:\WINDOWS\SYSTEM32\winmmbase.dll
0x00007ffcb64d0000 - 0x00007ffcb651a000 	C:\WINDOWS\System32\cfgmgr32.dll
0x00007ffcb6180000 - 0x00007ffcb6191000 	C:\WINDOWS\System32\kernel.appcore.dll
0x00007ffcb0c20000 - 0x00007ffcb0c2a000 	C:\Program Files\Java\jdk-14.0.1\bin\jimage.dll
0x00007ffca9740000 - 0x00007ffca992d000 	C:\WINDOWS\SYSTEM32\DBGHELP.DLL
0x00007ffca8a20000 - 0x00007ffca8a4a000 	C:\WINDOWS\SYSTEM32\dbgcore.DLL
0x00007ffcb0c40000 - 0x00007ffcb0c65000 	C:\Program Files\Java\jdk-14.0.1\bin\java.dll
0x00007ffcafd00000 - 0x00007ffcafd16000 	C:\Program Files\Java\jdk-14.0.1\bin\zip.dll

dbghelp: loaded successfully - version: 4.0.5 - missing functions: none
symbol engine: initialized successfully - sym options: 0x614 - pdb path: .;C:\Program Files\Java\jdk-14.0.1\bin;C:\WINDOWS\SYSTEM32;C:\WINDOWS\WinSxS\amd64_microsoft.windows.common-controls_6595b64144ccf1df_6.0.17763.973_none_05b245900721eb81;C:\Program Files\Java\jdk-14.0.1\bin\server

VM Arguments:
jvm_args: -Dfile.encoding=UTF-8 
java_command: Test
java_class_path (initial): C:\Users\Megam\Dropbox\SharedProjects\InsaneJava\Insane\libs\gson-2.7.jar;C:\Users\Megam\Dropbox\SharedProjects\InsaneJava\Insane\libs\joda-time-2.9.4.jar;C:\Users\Megam\Dropbox\SharedProjects\InsaneJava\Insane\build\classes
Launcher Type: SUN_STANDARD

[Global flags]
     intx CICompilerCount                          = 4                                         {product} {ergonomic}
     uint ConcGCThreads                            = 2                                         {product} {ergonomic}
     uint G1ConcRefinementThreads                  = 8                                         {product} {ergonomic}
   size_t G1HeapRegionSize                         = 1048576                                   {product} {ergonomic}
    uintx GCDrainStackTargetSize                   = 64                                        {product} {ergonomic}
   size_t InitialHeapSize                          = 268435456                                 {product} {ergonomic}
   size_t MarkStackSize                            = 4194304                                   {product} {ergonomic}
   size_t MaxHeapSize                              = 4263510016                                {product} {ergonomic}
   size_t MaxNewSize                               = 2557476864                                {product} {ergonomic}
   size_t MinHeapDeltaBytes                        = 1048576                                   {product} {ergonomic}
   size_t MinHeapSize                              = 8388608                                   {product} {ergonomic}
    uintx NonNMethodCodeHeapSize                   = 5839372                                {pd product} {ergonomic}
    uintx NonProfiledCodeHeapSize                  = 122909434                              {pd product} {ergonomic}
    uintx ProfiledCodeHeapSize                     = 122909434                              {pd product} {ergonomic}
    uintx ReservedCodeCacheSize                    = 251658240                              {pd product} {ergonomic}
     bool SegmentedCodeCache                       = true                                      {product} {ergonomic}
   size_t SoftMaxHeapSize                          = 4263510016                             {manageable} {ergonomic}
     bool UseCompressedClassPointers               = true                                 {lp64_product} {ergonomic}
     bool UseCompressedOops                        = true                                 {lp64_product} {ergonomic}
     bool UseG1GC                                  = true                                      {product} {ergonomic}
     bool UseLargePagesIndividualAllocation        = false                                  {pd product} {ergonomic}

Logging:
Log output configuration:
 #0: stdout all=warning uptime,level,tags
 #1: stderr all=off uptime,level,tags

Environment Variables:
JAVA_HOME=C:\Program Files\Java\jdk-12.0.2
PATH=C:\Python38\Scripts\;C:\Python38\;C:\Python37\Scripts\;C:\Python37\;C:\oraclexe\app\oracle\product\11.2.0\server\bin;C:\Program Files\Microsoft MPI\Bin\;C:\WINDOWS\system32;C:\WINDOWS;C:\WINDOWS\System32\Wbem;C:\WINDOWS\System32\WindowsPowerShell\v1.0\;C:\Program Files\dotnet\;C:\Program Files\Microsoft SQL Server\130\Tools\Binn\;C:\OpenSSL-Win64\bin;C:\Program Files (x86)\dotnet\;C:\WINDOWS\System32\OpenSSH\;C:\Program Files (x86)\Boxcryptor\bin\;C:\Program Files (x86)\Microsoft SQL Server\140\Tools\Binn\;C:\Program Files\Microsoft SQL Server\140\Tools\Binn\;C:\Program Files (x86)\Microsoft SQL Server\140\DTS\Binn\;C:\Program Files\Microsoft SQL Server\140\DTS\Binn\;C:\Program Files\Microsoft SQL Server\Client SDK\ODBC\130\Tools\Binn\;C:\Program Files (x86)\Microsoft SQL Server\Client SDK\ODBC\130\Tools\Binn\;C:\Program Files (x86)\Microsoft SQL Server\140\Tools\Binn\ManagementStudio\;C:\Program Files\PostgreSQL\10\bin;C:\apache-maven-3.5.4\bin;C:\Program Files\PuTTY\;C:\Program Files\Git\cmd;C:\Program Files\Microsoft SQL Server\Client SDK\ODBC\170\Tools\Binn\;I:\Qt\5.12.2\msvc2017_64\bin1;C:\Program Files (x86)\Microsoft Visual Studio\2017\Community\VC\Auxiliary\Build;C:\ProgramData\chocolatey\bin;C:\Program Files\Java\jdk-12.0.2\bin;I:\WebAssembly\emsdk\upstream\bin;I:\WebAssembly\emsdk\upstream\emscripten;I:\WebAssembly\emsdk;C:\Program Files (x86)\Microsoft Visual Studio\2019\Community\VC\Auxiliary\Build;C:\Program Files\nodejs\;C:\Program Files\PowerShell\7\;C:\Users\Megam\AppData\Local\Microsoft\WindowsApps;C:\Users\Megam\.dotnet\tools;;C:\Users\Megam\AppData\Local\Microsoft\WindowsApps;C:\Users\Megam\AppData\Local\Programs\Microsoft VS Code\bin;C:\Users\Megam\AppData\Roaming\npm
USERNAME=Megam
OS=Windows_NT
PROCESSOR_IDENTIFIER=Intel64 Family 6 Model 58 Stepping 9, GenuineIntel



---------------  S Y S T E M  ---------------

OS: Windows 10 , 64 bit Build 17763 (10.0.17763.475)
OS uptime: 0 days 7:12 hours

CPU:total 8 (initial active 8) (4 cores per cpu, 2 threads per core) family 6 model 58 stepping 9, cmov, cx8, fxsr, mmx, sse, sse2, sse3, ssse3, sse4.1, sse4.2, popcnt, avx, aes, clmul, erms, ht, tsc, tscinvbit, tscinv

Memory: 4k page, system-wide physical 16259M (5515M free)
TotalPageFile size 17283M (AvailPageFile size 8M)
current process WorkingSet (physical memory assigned to process): 13M, peak: 13M
current process commit charge ("private bytes"): 340M, peak: 340M

vm_info: Java HotSpot(TM) 64-Bit Server VM (14.0.1+7) for windows-amd64 JRE (14.0.1+7), built on Mar  5 2020 10:30:14 by "mach5one" with MS VC++ 15.9 (VS2017)

END.
